02-24 19:40:11 [info] [PacketHandler] 加载成功
02-24 19:40:11 [info] [Napi2NativeLoader] 加载成功
02-24 19:40:11 [info] [FFmpeg] 检查 Native Addon 可用性...
02-24 19:40:11 [info] [FFmpeg] ✓ 使用 Native Addon 适配器
02-24 19:40:11 [info] [PacketHandler] 初始化成功
02-24 19:40:11 [info] [NapCat] [Core] NapCat.Core Version: 4.17.25
02-24 19:40:11 [info] [NapCat] [WebUi] WebUi Token: 277f75fabb7b
02-24 19:40:11 [info] [NapCat] [WebUi] WebUi User Panel Url: http://127.0.0.1:6099/webui?token=277f75fabb7b
02-24 19:40:11 [info] [NapCat] [WebUi] WebUi User Panel Url: http://[::]:6099/webui?token=277f75fabb7b
02-24 19:40:11 [info] 等待网络连接...
02-24 19:40:12 [info] 网络已连接
02-24 19:40:12 [info] 没有 -q 指令指定快速登录，将使用二维码登录方式
02-24 19:40:12 [info] 可用于快速登录的 QQ：
1. 1476811518 豆包
2. 1570245877 ROCO小维
3. 2791034087 幻想家转生成格兰大帝
4. 1622350454 暴躁水灵
5. 2528598753 古希腊掌管图鉴的神
6. 1666863327 狂风落叶舞
02-24 19:40:12 [info] 正在快速登录  1570245877
02-24 19:40:12 [error] 当前账号(1570245877)已登录,无法重复登录
02-24 19:40:12 [warn] 请扫描下面的二维码，然后在手Q上授权登录：
02-24 19:40:12 [warn] 

▄▄▄▄▄▄▄▄▄▄▄▄▄▄▄▄▄▄▄▄▄▄▄▄▄▄▄▄▄▄▄▄▄▄▄
█ ▄▄▄▄▄ █ ██▀▀▄█▄▀█▀▀▀▀ ▄▀█ ▄▄▄▄▄ █
█ █   █ █  ▀█ ▀█ ▄▄▀█▄▄▀▀██ █   █ █
█ █▄▄▄█ █▀  █▄ ▀▄▀▀ ▀█ ██▀█ █▄▄▄█ █
█▄▄▄▄▄▄▄█▄█ ▀▄█▄▀▄▀ ▀ ▀ ▀ █▄▄▄▄▄▄▄█
█▄▄██▄▄▄▀██▄█▄▀▄ ▄█▀ █▀▄▄▄▀█ █▄ ▄▄█
██▀  ▄▄▄█▄ ▄█▀██▄▄▀▀█  █ ▄▀▀▄█▀▄▄██
█ ▄▄ ██▄▀██▀▄▀▀▄▀▀▀█▄█▀  ▀▀▄█▄▄█▄▄█
█▀▄█  █▄▀▀▄  ▄██▄▄ ▀▀█▀ ▄█  ▀  ▄▄██
█▄▀█▀█ ▄▄█ ██▄▀▄▀█▄▀▄▀ ▄▀▀▀▄ ▄▀██▄█
██▄▀█▀▀▄ ▀█▄█▀██ █  █▄ █   ▄▀ ▀▄▄██
█▀ ▀ ▀▄▄▀▀▄ ▄▀▀▄▀▄▄█ █▀▄ ▀ ▄ ▄▀██▄█
████ ██▄▄▄▀  ▄█▀▄▄▀▀█  █▄▄  ▄██▄▄██
█▄▄▄█▄▄▄█▀  █▄▀▄▀▀▄██▄█ ▄ ▄▄▄  ▀ ██
█ ▄▄▄▄▄ █▀█ █▀▄▄▄  ▀▀▄▀▀█ █▄█ ▄█▄██
█ █   █ █▄▀ ▄ ▀▄▀▀▄▀ ██▄▀▄▄ ▄ ▄█▀ █
█ █▄▄▄█ █▀▀▄ ▀██ ▄▀▄█  ██ ▄▄ ▄▄█▄██
█▄▄▄▄▄▄▄█▄▄████▄█▄▄█▄█▄▄█▄▄▄█▄▄██▄█

二维码解码URL: https://txz.qq.com/p?k=29LBw*MZmMVEuSmQ2uWdpcCYesqftbf5&f=1600001604
如果控制台二维码无法扫码，可以复制解码url到二维码生成网站生成二维码再扫码，也可以打开下方的二维码路径图片进行扫码。
02-24 19:40:12 [warn] 二维码已保存到 D:\软件\NapCat.Shell.Windows.Node\napcat\cache\qrcode.png
02-24 19:40:21 [warn] 请扫描下面的二维码，然后在手Q上授权登录：
02-24 19:40:21 [warn] 

▄▄▄▄▄▄▄▄▄▄▄▄▄▄▄▄▄▄▄▄▄▄▄▄▄▄▄▄▄▄▄▄▄▄▄
█ ▄▄▄▄▄ █▄▄▄ ▀▄██ ▀▀▀▀▄██▀█ ▄▄▄▄▄ █
█ █   █ ██▄▀ █ ▀▄▄█▄█▄  ▄██ █   █ █
█ █▄▄▄█ ██▀▄ ▄████ ▄▄▀▄  ██ █▄▄▄█ █
█▄▄▄▄▄▄▄█ ▀▄█ ▀ █ █▄▀ █▄█ █▄▄▄▄▄▄▄█
█▄ █  █▄█▀▄▀█▄██▀▀█▀ █▀ ███▄▀▀█▀▀▄█
██ ▀█▀█▄██▄██▄█▄ █▀ ▀▀█▀▄ ▀  ▄▀▀▄▄█
█ ▄█ ▀█▄▀█▄ █▀▀▄  █▄ ▄██▄▄▀▄▄███▄▄█
██▀▀ █ ▄▀ ▄ █▀▄▀ ▄▄▄ ▀▄▄▀█▀▄█ █▀█▀█
█▀█ ▄▄█▄▄▀ ▀ ▄▄  ▀▀█▄ ██ █▄ ▀ ▄█  █
█  █▀▄▀▄▄▀█▀▀▄   ▀▄▀▄▄█▄▄██▀█▄█▀▀ █
█ ▀▄▄▄ ▄▄  █▄▀██▄█████▄▀ ▀▄█▀▀▀█▀██
█ █▄▄ ▀▄█ ██ ▀█  ▀ ██▄▄█▄▀ ▀ ▄█▀▄▄█
█▄▄██▄█▄█  ▀▄▄▀▄▄▀▀█▀██▀█ ▄▄▄ ▀▀ ██
█ ▄▄▄▄▄ ██▀█ ▄█   █▄ █▄▀  █▄█ ▀ █▀█
█ █   █ █ ▀█▀ ▄ █▄▀▄█▀▄▄▄▄ ▄▄▄▀█▄▄█
█ █▄▄▄█ █▀█▄▄▄   ▀█  ▄█▀▀█▀▀▄   ▀ █
█▄▄▄▄▄▄▄█▄█▄████▄█████▄██▄▄█▄█▄████

二维码解码URL: https://txz.qq.com/p?k=WBQVp0*a2AtWLVXNJGavzEB3tUy2WZRW&f=1600001604
如果控制台二维码无法扫码，可以复制解码url到二维码生成网站生成二维码再扫码，也可以打开下方的二维码路径图片进行扫码。
02-24 19:40:21 [warn] 二维码已保存到 D:\软件\NapCat.Shell.Windows.Node\napcat\cache\qrcode.png
02-24 19:40:33 [debug] 本账号数据/缓存目录： C:\Users\ltjzl\Documents\Tencent Files\NapCat\data
02-24 19:40:33 [debug] [Core] [Config] 配置文件D:\软件\NapCat.Shell.Windows.Node\napcat\config\napcat_1476811518.json加载 {"fileLog":false,"consoleLog":true,"fileLogLevel":"debug","consoleLogLevel":"info","packetBackend":"auto","packetServer":"","o3HookMode":1,"bypass":{"hook":false,"window":false,"module":false,"process":false,"container":false,"js":false}}
02-24 19:40:33 [info] [Core] [Packet] 使用 NativePacketClient 作为后端
