02-24 13:51:54 [info] [PacketHandler] 加载成功
02-24 13:51:54 [info] [Napi2NativeLoader] 加载成功
02-24 13:51:54 [info] [FFmpeg] 检查 Native Addon 可用性...
02-24 13:51:54 [info] [FFmpeg] ✓ 使用 Native Addon 适配器
02-24 13:51:54 [info] [PacketHandler] 初始化成功
02-24 13:51:54 [info] [NapCat] [Core] NapCat.Core Version: 4.17.25
02-24 13:51:54 [info] [NapCat] [WebUi] WebUi Token: 277f75fabb7b
02-24 13:51:54 [info] [NapCat] [WebUi] WebUi User Panel Url: http://127.0.0.1:6100/webui?token=277f75fabb7b
02-24 13:51:54 [info] [NapCat] [WebUi] WebUi User Panel Url: http://[::]:6100/webui?token=277f75fabb7b
02-24 13:51:54 [info] 等待网络连接...
02-24 13:51:54 [info] 网络已连接
02-24 13:51:54 [info] 没有 -q 指令指定快速登录，将使用二维码登录方式
02-24 13:51:54 [info] 可用于快速登录的 QQ：
1. 1476811518 豆包
2. 1622350454 暴躁水灵
3. 1570245877 ROCO小维
4. 2528598753 古希腊掌管图鉴的神
5. 2791034087 幻想家转生成格兰大帝
6. 1666863327 狂风落叶舞
02-24 13:51:54 [info] 正在快速登录  1570245877
02-24 13:51:55 [warn] 请扫描下面的二维码，然后在手Q上授权登录：
02-24 13:51:55 [warn] 

▄▄▄▄▄▄▄▄▄▄▄▄▄▄▄▄▄▄▄▄▄▄▄▄▄▄▄▄▄▄▄▄▄▄▄
█ ▄▄▄▄▄ █▄▄▄ ▀▄██ █▄▀▀█ █▄█ ▄▄▄▄▄ █
█ █   █ ██▄▀ █ ▀▄▄▀▄ █▄█▄ █ █   █ █
█ █▄▄▄█ ██▀▄ ▄████▄▄▄ ▄█▀▀█ █▄▄▄█ █
█▄▄▄▄▄▄▄█ ▀▄█ ▀ █ █▄▀ █ █▄█▄▄▄▄▄▄▄█
█ ▄▀▄ ▀▄▀▀▄▀█▄██▀▀▄▀▄██▄█▄█▄▀▀█▀▀▄█
█ ▄  █▄▄█ ▄██▄█▄ █ ████ ▄▀▀  ▄▀▀▄▄█
██▄▀ ▀█▄█▄▄ █▀▀▄  ▄███▄▀▄▄▀▄▄███▄▄█
█ ▀███▀▄ █ ▄█▀▄▀ ▄▄▀ ▀█▄▀█▀▄█ █▀█▀█
█▀▀▀▄ ▀▄▀█▄▀ ▄▄  ▀█▄▄ ██▀▄▄ ▀ ▄█  █
█▀▄▀ ▀ ▄▄ █ ▀▄   ▄▄▄▄▀██▄██▀█▄█▀▀ █
█ ▀▀▀▄█▄█▀█▀▄▀██ █ ▀ █▄▀ ▀▄█▀▀▀█▀██
█ █▄▄▄█▄▄▀█▄ ▀█ ▄█ ▀▀ █ ▄▀ ▀ ▄█▀▄▄█
█▄▄█▄▄█▄█  ▀▄▄▀▄▄ ▄█▄▄▀██ ▄▄▄ ▀▀ ██
█ ▄▄▄▄▄ ████ ▄█ ▄▀▄   ██  █▄█ ▀ █▀█
█ █   █ █ █▀▀ ▄ █▄█▀█▀▀ ▄▄ ▄▄▄▀█▄▄█
█ █▄▄▄█ █▀▄ ▄▄  ▄██▀ ▀██▀█▀▀▄   ▀ █
█▄▄▄▄▄▄▄█▄█▄████▄███▄█▄██▄▄█▄█▄████

二维码解码URL: https://txz.qq.com/p?k=OCDc-E6S6FonASfcJyA8lgeV9lRnQYDr&f=1600001604
如果控制台二维码无法扫码，可以复制解码url到二维码生成网站生成二维码再扫码，也可以打开下方的二维码路径图片进行扫码。
02-24 13:51:55 [warn] 二维码已保存到 D:\软件\NapCat.Shell.Windows.Node\napcat\cache\qrcode.png
02-24 13:52:03 [warn] 请扫描下面的二维码，然后在手Q上授权登录：
02-24 13:52:03 [warn] 

▄▄▄▄▄▄▄▄▄▄▄▄▄▄▄▄▄▄▄▄▄▄▄▄▄▄▄▄▄▄▄▄▄▄▄
█ ▄▄▄▄▄ █▄▄▄ ▀▄██  ▀▀▄▄▄███ ▄▄▄▄▄ █
█ █   █ ██▄▀ █ ▀▄▄▀█ ▀ █ ▀█ █   █ █
█ █▄▄▄█ ██▀▄ ▄████▄█▄▀  ▀▀█ █▄▄▄█ █
█▄▄▄▄▄▄▄█ ▀▄█ ▀ █ █▄▀ █▄█▄█▄▄▄▄▄▄▄█
█  ▀ ▄█▄▀▀▄▀█▄██▀▀▄▄▀ █▀▀▀█▄▀▀█▀▀▄█
█▄▀ ▄▀ ▄▀ ▄██▄█▄ █▀█▀ █▀▄█▀  ▄▀▀▄▄█
█▀▀▄▀█ ▄▄▄▄ █▀▀▄  █▀▄▀▄▀▄█▀▄▄███▄▄█
████▀ █▄   ▄█▀▄▀ ▄██▄ █▀██▀▄█ █▀█▀█
█ █▀ ▄ ▄▀█▀  ▄▄  ▀███▀▄▄█▄▄ ▀ ▄█  █
█▀█ █▀▀▄█▄ ▄▀▄  ▄▄█  █▄▀▄██▀█▄█▀▀ █
█  ██▄▄▄  ▀█▄▀██ █▄█▀█▀▀ ▀▄█▀▀▀█▀██
█ █▄█▄ ▄ █▄▄ ▀█ ▄ ▀████ ▄▀ ▀ ▄█▀▄▄█
█▄▄█▄█▄▄▄ █▀▄▄▀▄▀▀█▄█▄▄██ ▄▄▄ ▀▀ ██
█ ▄▄▄▄▄ ██▄▄ ▄█  ▄█▄ ▄▄▀  █▄█ ▀ █▀█
█ █   █ █   ▀ ▄ ▄█ ██▀▄ ▄▄ ▄▄▄▀█▄▄█
█ █▄▄▄█ █▀▀█▄▄  ▄ ▄▀ ▄▄ ▀█▀▀▄   ▀ █
█▄▄▄▄▄▄▄█▄█▄█████▄▄█▄████▄▄█▄█▄████

二维码解码URL: https://txz.qq.com/p?k=mW4oarbVUnDAdWimQ69i3w7ezw1TlFyp&f=1600001604
如果控制台二维码无法扫码，可以复制解码url到二维码生成网站生成二维码再扫码，也可以打开下方的二维码路径图片进行扫码。
02-24 13:52:03 [warn] 二维码已保存到 D:\软件\NapCat.Shell.Windows.Node\napcat\cache\qrcode.png
02-24 13:52:25 [debug] 本账号数据/缓存目录： C:\Users\ltjzl\Documents\Tencent Files\NapCat\data
02-24 13:52:25 [debug] [Core] [Config] 配置文件D:\软件\NapCat.Shell.Windows.Node\napcat\config\napcat_1570245877.json加载 {"fileLog":false,"consoleLog":true,"fileLogLevel":"debug","consoleLogLevel":"info","packetBackend":"auto","packetServer":"","o3HookMode":1}
02-24 13:52:25 [info] [Core] [Packet] 使用 NativePacketClient 作为后端
