02-28 08:27:19 [info] [PacketHandler] 加载成功
02-28 08:27:19 [info] [Napi2NativeLoader] 加载成功
02-28 08:27:19 [info] [FFmpeg] 检查 Native Addon 可用性...
02-28 08:27:19 [info] [FFmpeg] ✓ 使用 Native Addon 适配器
02-28 08:27:19 [info] [PacketHandler] 初始化成功
02-28 08:27:19 [info] [NapCat] [Core] NapCat.Core Version: 4.17.25
02-28 08:27:19 [info] [NapCat] [WebUi] WebUi Token: 277f75fabb7b
02-28 08:27:19 [info] [NapCat] [WebUi] WebUi User Panel Url: http://127.0.0.1:6099/webui?token=277f75fabb7b
02-28 08:27:19 [info] [NapCat] [WebUi] WebUi User Panel Url: http://[::]:6099/webui?token=277f75fabb7b
02-28 08:27:19 [info] 等待网络连接...
02-28 08:27:19 [info] 网络已连接
02-28 08:27:19 [info] 没有 -q 指令指定快速登录，将使用二维码登录方式
02-28 08:27:19 [info] 可用于快速登录的 QQ：
1. 1476811518 豆包
2. 1622350454 暴躁水灵
3. 1570245877 ROCO小维
4. 2791034087 幻想家转生成格兰大帝
5. 1598260859 　　　　　　　　　　　　
02-28 08:27:19 [info] 正在快速登录  1476811518
02-28 08:27:20 [warn] 请扫描下面的二维码，然后在手Q上授权登录：
02-28 08:27:20 [warn] 

▄▄▄▄▄▄▄▄▄▄▄▄▄▄▄▄▄▄▄▄▄▄▄▄▄▄▄▄▄▄▄▄▄▄▄
█ ▄▄▄▄▄ █▄▄███▀▄█▀▀▀▄ █▄ ▀█ ▄▄▄▄▄ █
█ █   █ █ ▀█ ▄ █▀ ██ ▀█▀▄██ █   █ █
█ █▄▄▄█ █▄ ▄▄▀▀█▄███▀█ ▀█▀█ █▄▄▄█ █
█▄▄▄▄▄▄▄█▄▀▄▀▄█ █ ▀ ▀▄█ ▀▄█▄▄▄▄▄▄▄█
█▄ ▄ █▀▄▀▄▀████▀▄█ ▀▄ ▀█▄█▄▀█▄▄ ▀ █
████ █ ▄█ ██▀▀▀▄▀█▄ ▀█▄  ▄█ ▀▄█▄ ▄█
█▀▄▀▀▄▄▄▄▄ ▀ █▄█ ▀▀█▄█▀█  ▄█▄▄ ▀▀██
█▄█▄█▀ ▄▄▀ ▀█ ▄██ ▄█ ▄▀▀▀█▀  ▄█ ███
█▄    ▀▄▄▄▀ ▄▀  ▀▀█▀██ ▄█▀      ▄ █
█  ▀▄▄▀▄  █▄▄ █▀▄   █▄▄▀▀▀  ██ █▄▀█
█▀▀▀▀█▀▄█▀█▀▄ █▀▀▀ ▄ ▄█▀  ▄▀▄█▀▄▀▀█
██▀▄ ▀▀▄▀▄█▀▄▄▀ ▀█▄█▀▀██ ▄▄▀▀▄▀▄ ▄█
█▄█▄▄█▄▄█▀▀▀▀ ▄█▄▀██ █ ▄  ▄▄▄ ▄██▄█
█ ▄▄▄▄▄ ████ ██▄█ █▄ ▄ ▀  █▄█ ▀▀███
█ █   █ █▀  ██  █▄  ▄  ▄  ▄▄▄▄█  ▄█
█ █▄▄▄█ █ ▀▄▀ █▀▄▀▀ █ ▄▀▄▀▄ ▄▀█▄▄▀█
█▄▄▄▄▄▄▄█▄▄▄█▄███▄▄▄▄▄▄▄██▄███▄▄███

二维码解码URL: https://txz.qq.com/p?k=NKI3ykF-yYOy1km53IVXtI-C3xMYdVFU&f=1600001604
如果控制台二维码无法扫码，可以复制解码url到二维码生成网站生成二维码再扫码，也可以打开下方的二维码路径图片进行扫码。
02-28 08:27:20 [warn] 二维码已保存到 D:\软件\NapCat.Shell.Windows.Node\napcat\cache\qrcode.png
02-28 08:27:38 [info] 正在快速登录  1622350454
02-28 08:27:40 [debug] 本账号数据/缓存目录： C:\Users\李天健\Documents\Tencent Files\NapCat\data
02-28 08:27:40 [debug] [Core] [Config] 配置文件D:\软件\NapCat.Shell.Windows.Node\napcat\config\napcat_1622350454.json加载 {"fileLog":false,"consoleLog":true,"fileLogLevel":"debug","consoleLogLevel":"info","packetBackend":"auto","packetServer":"","o3HookMode":1}
02-28 08:27:40 [error] [Core] [Packet] PacketBackend 不支持当前QQ版本架构：9.9.21-38711-x64，
            请参照 https://github.com/NapNeko/NapCatQQ/releases/tag/v4.17.25 配置正确的QQ版本！
