02-28 08:26:26 [info] [PacketHandler] 加载成功
02-28 08:26:26 [info] [Napi2NativeLoader] 加载成功
02-28 08:26:26 [info] [FFmpeg] 检查 Native Addon 可用性...
02-28 08:26:26 [info] [FFmpeg] ✓ 使用 Native Addon 适配器
02-28 08:26:34 [info] [PacketHandler] 初始化成功
02-28 08:26:34 [info] [NapCat] [Core] NapCat.Core Version: 4.17.25
02-28 08:26:35 [info] [NapCat] [WebUi] WebUi Token: 277f75fabb7b
02-28 08:26:35 [info] [NapCat] [WebUi] WebUi User Panel Url: http://127.0.0.1:6100/webui?token=277f75fabb7b
02-28 08:26:35 [info] [NapCat] [WebUi] WebUi User Panel Url: http://[::]:6100/webui?token=277f75fabb7b
02-28 08:26:35 [info] 等待网络连接...
02-28 08:26:35 [info] 等待网络连接...
02-28 08:26:36 [info] 网络已连接
02-28 08:26:36 [info] 没有 -q 指令指定快速登录，将使用二维码登录方式
02-28 08:26:36 [info] 可用于快速登录的 QQ：
1. 1476811518 豆包
2. 1622350454 暴躁水灵
3. 1570245877 ROCO小维
4. 2791034087 幻想家转生成格兰大帝
5. 1598260859 　　　　　　　　　　　　
02-28 08:26:36 [info] 正在快速登录  1476811518
02-28 08:26:36 [error] 当前账号(1476811518)已登录,无法重复登录
02-28 08:26:36 [info] 网络已连接
02-28 08:26:36 [info] 没有 -q 指令指定快速登录，将使用二维码登录方式
02-28 08:26:36 [info] 可用于快速登录的 QQ：
1. 1476811518 豆包
2. 1622350454 暴躁水灵
3. 1570245877 ROCO小维
4. 2791034087 幻想家转生成格兰大帝
5. 1598260859 　　　　　　　　　　　　
02-28 08:26:36 [info] 正在快速登录  1476811518
02-28 08:26:36 [error] 当前账号(1476811518)已登录,无法重复登录
02-28 08:26:36 [warn] 请扫描下面的二维码，然后在手Q上授权登录：
02-28 08:26:37 [warn] 

▄▄▄▄▄▄▄▄▄▄▄▄▄▄▄▄▄▄▄▄▄▄▄▄▄▄▄▄▄▄▄▄▄▄▄
█ ▄▄▄▄▄ █▄▄▄ ▀▄██ ▄█ ▀ ████ ▄▄▄▄▄ █
█ █   █ ██▄▀ █ ▀▄▄▀▄ █ ▀▄██ █   █ █
█ █▄▄▄█ ██▀▄ ▄████▄▄▄█▄ ▀ █ █▄▄▄█ █
█▄▄▄▄▄▄▄█ ▀▄█ ▀ █ █ ▀▄█▄▀ █▄▄▄▄▄▄▄█
█▄▄▀▄ ▀▄█▀▄▀█▄██▀▀▄▀██ ▀▀██▄▀▀█▀▀▄█
█▀ █▀▀█▄▄▄▄██▄█▄ █▀▄█▀██▄▀▀  ▄▀▀▄▄█
█▀█▄█  ▄▄█▄ █▀▀▄   ▀ █▀█ ▀▀▄▄███▄▄█
█▀▄▄█▀▄▄ ▄▄ █▀▄▀ ▄█▄▄▄▄ ▀█▀▄█ █▀█▀█
█▀█ ▀▀█▄ ▀▄  ▄▄  ▀ ▀▀▀██▄▀▄ ▀ ▄█  █
█ █▀ ▀ ▄█▄▄▄▀▄  ▄▄██▄ █▀▄██▀█▄█▀▀ █
█ ▀▀  █▄▀▀▀█▄▀██▀▀ ▀█▄█▀ ▀▄█▀▀▀█▀██
█ █▀▄  ▄█▄▄▀ ▀█ ▄▄ ▄▀██▀▄▀ ▀ ▄█▀▄▄█
█▄▄█▄█▄▄█ ▀ ▄▄▀▄ ███▀▄▄██ ▄▄▄ ▀▀ ██
█ ▄▄▄▄▄ ██▀█ ▄█  ▀▄█▄▄▄█  █▄█ ▀ █▀█
█ █   █ █ ▄▄▀ ▄ ▄▄ ▀█▀▀█▄▄ ▄▄▄▀█▄▄█
█ █▄▄▄█ █▀▀▄▄▄  ▄▀█  ▀▄▄▀█▀▀▄   ▀ █
█▄▄▄▄▄▄▄█▄▄▄█████▄▄██▄███▄▄█▄█▄████

二维码解码URL: https://txz.qq.com/p?k=73r7s0Kh7bE8yUKZuULxTfcIGiwBmS58&f=1600001604
如果控制台二维码无法扫码，可以复制解码url到二维码生成网站生成二维码再扫码，也可以打开下方的二维码路径图片进行扫码。
02-28 08:26:37 [warn] 二维码已保存到 D:\软件\NapCat.Shell.Windows.Node\napcat\cache\qrcode.png
