03-15 11:18:12 [info] [QQ版本兼容性检测] 当前版本Appid未内置 通过Major获取 为了更好的性能请尝试更新NapCat
03-15 11:18:12 [info] [PacketHandler] 加载成功
03-15 11:18:12 [info] [Napi2NativeLoader] 加载成功
03-15 11:18:12 [info] [FFmpeg] 检查 Native Addon 可用性...
03-15 11:18:12 [info] [FFmpeg] ✓ 使用 Native Addon 适配器
03-15 11:18:12 [warn] NativePacketClient: 未找到对应版本的偏移数据: 9.9.28-46345-x64
03-15 11:18:12 [info] [NapCat] [Core] NapCat.Core Version: 4.17.25
03-15 11:18:12 [warn] File already deleted: D:\软件\NapCat.Shell.Windows.Node\napcat\logs\2026-03-07_22-39-35.982.log
03-15 11:18:12 [warn] File already deleted: D:\软件\NapCat.Shell.Windows.Node\napcat\logs\2026-03-08_07-02-36.466.log
03-15 11:18:12 [warn] File already deleted: D:\软件\NapCat.Shell.Windows.Node\napcat\logs\2026-03-08_07-03-10.739.log
03-15 11:18:12 [warn] File already deleted: D:\软件\NapCat.Shell.Windows.Node\napcat\logs\2026-03-08_07-02-36.470.log
03-15 11:18:12 [warn] File already deleted: D:\软件\NapCat.Shell.Windows.Node\napcat\logs\2026-03-07_22-46-55.996.log
03-15 11:18:12 [warn] File already deleted: D:\软件\NapCat.Shell.Windows.Node\napcat\logs\2026-03-08_07-03-10.742.log
03-15 11:18:12 [info] [NapCat] [WebUi] WebUi Token: 277f75fabb7b
03-15 11:18:12 [info] [NapCat] [WebUi] WebUi User Panel Url: http://127.0.0.1:6099/webui?token=277f75fabb7b
03-15 11:18:12 [info] [NapCat] [WebUi] WebUi User Panel Url: http://[::]:6099/webui?token=277f75fabb7b
03-15 11:18:12 [info] 等待网络连接...
03-15 11:18:13 [info] 网络已连接
03-15 11:18:13 [info] 没有 -q 指令指定快速登录，将使用二维码登录方式
03-15 11:18:13 [info] 可用于快速登录的 QQ：
1. 1570245877 ROCO小维
2. 1476811518 我的电脑.
3. 2528598753 古希腊掌管图鉴的神
4. 2791034087 幻想家转生成格兰大帝
5. 1622350454 江璃
6. 1666863327 狂风落叶舞
03-15 11:18:13 [warn] 请扫描下面的二维码，然后在手Q上授权登录：
03-15 11:18:13 [warn] 

▄▄▄▄▄▄▄▄▄▄▄▄▄▄▄▄▄▄▄▄▄▄▄▄▄▄▄▄▄▄▄▄▄▄▄
█ ▄▄▄▄▄ █▀ █▀▀▀ ▀▀█▀▄ ▀█▄██ ▄▄▄▄▄ █
█ █   █ █▀ ▄ █▀█ ▀▀▄█   ███ █   █ █
█ █▄▄▄█ █▀█ █▄█▄▀▀█▄█ ▀▀▄▀█ █▄▄▄█ █
█▄▄▄▄▄▄▄█▄█▄█ █▄▀ █▄▀ ▀▄▀▄█▄▄▄▄▄▄▄█
█▄  ▄▄▀▄ ▄ ▄█▄▄▀█▄█▀█ ▀ █▄▄▀▄█▄▀ ▀█
█  █▀██▄ ▄ ▀ ▄██▄▀█▄▀█ ▄█▀▀▀▄ ▄▀▄██
█ ██▀▀█▄▄▀▄▀▄▀▄▀▄▀█▀▄   ▄█▄▀ ▄▄█▀▀█
██▀▄▀▄█▄▄▄ ▄█▀██▄▀▄██▀▀ █▀  ▀██▀▄██
█ █▄▀▄▀▄▄█  █▄▄▀▄█▀▀▀▀▀ ▄▄▄▀█▄▀█ ▀█
█▀▄▄ █ ▄ █▀█ ▄██ ▄▄ ▀   ██ ▄▀█▄▀▄██
█ ▀▄▀ ▄▄ ▀▄█▄▀▄▀▀ ██▄▀█▄ ▀█▀█▄▀█ ▀█
█ ██▄▀█▄▄▀█ █▀█▀ ▄████▀▀▀▀  ▄  ▀▄██
█▄██▄██▄█ ▀▀█▄▄▀ ▀▄█▄   ▄ ▄▄▄  ▀█ █
█ ▄▄▄▄▄ █▄ ▄ ▄▄▄ █▄ ▀  ▀  █▄█ ▀ ▄██
█ █   █ █ ▀█▄ ▄▀█  █▀▀▀▄▀▄ ▄  ▄█▄██
█ █▄▄▄█ █  ██▄██ ▄█ ▀ ▀█ █▄▄ ▀▀ ▄██
█▄▄▄▄▄▄▄█▄█▄██▄█▄▄▄███▄▄█▄██▄▄▄█▄██

二维码解码URL: https://txz.qq.com/p?k=IYFuiLtWukQbGgXOdZWUpeAGJUrxqxAY&f=1600001604
如果控制台二维码无法扫码，可以复制解码url到二维码生成网站生成二维码再扫码，也可以打开下方的二维码路径图片进行扫码。
03-15 11:18:13 [warn] 二维码已保存到 D:\软件\NapCat.Shell.Windows.Node\napcat\cache\qrcode.png
03-15 11:18:48 [info] 正在快速登录  1622350454
03-15 11:18:49 [warn] 请扫描下面的二维码，然后在手Q上授权登录：
03-15 11:18:49 [warn] 

▄▄▄▄▄▄▄▄▄▄▄▄▄▄▄▄▄▄▄▄▄▄▄▄▄▄▄▄▄▄▄▄▄▄▄
█ ▄▄▄▄▄ █▄▄▄ ▀▄██ ▀ ▀█▀▄▄▀█ ▄▄▄▄▄ █
█ █   █ ██▄▀ █ ▀▄▄▀   ▄██▄█ █   █ █
█ █▄▄▄█ ██▀▄ ▄████▀▄▄█▀█ ██ █▄▄▄█ █
█▄▄▄▄▄▄▄█ ▀▄█ ▀ █ █▄▀▄█ █▄█▄▄▄▄▄▄▄█
█▄ █▄ ▀▄▀▀▄▀█▄██▀▀▀▀ █▄▀▀▄█▄▀▀█▀▀▄█
█▄▄█ ▄█▄▀▄▄██▄█▄ █ █▀▀▄ ▄▀▀  ▄▀▀▄▄█
█▀▄▀█▀▄▄█ ▄ █▀▀▄  ██▄▄▀▄▄▄▀▄▄███▄▄█
█▄ ▄▄▀▄▄ █▄ █▀▄▀ ▄▄▄  ▄██ ▀▄█ █▀█▀█
█▀██ ▄▀▄█▀█▀ ▄▄  ▀▀█▄ ██ █▄ ▀ ▄█  █
█ █ ▄▀▄▄███▀▀▄  ▄▄██▄▀█▄▄██▀█▄█▀▀ █
█ ▄█▀██▄ █ █▄▀██▀█▄█ █▄█ ▀▄█▀▀▀█▀██
█ █▄▀▀█▄▄ ▄▀ ▀█ ▄  ████▄▄▀ ▀ ▄█▀▄▄█
█▄▄▄███▄▄▀▄█▄▄▀▄▀ █▄█▀ ██ ▄▄▄ ▀▀ ██
█ ▄▄▄▄▄ ██▀▀ ▄█ ▄▄▄▄ ▀██  █▄█ ▀ █▀█
█ █   █ █  ▀▀ ▄ ▀█▀▀▀▀▄▄▄▄ ▄▄▄▀█▄▄█
█ █▄▄▄█ █▀█ ▄▄   █▄▄▄ █▀▀█▀▀▄   ▀ █
█▄▄▄▄▄▄▄█▄▄▄████▄███▄▄█▄█▄▄█▄█▄████

二维码解码URL: https://txz.qq.com/p?k=PCePKOD-2WOW2r9cKgdmj-Mswu3aSlix&f=1600001604
如果控制台二维码无法扫码，可以复制解码url到二维码生成网站生成二维码再扫码，也可以打开下方的二维码路径图片进行扫码。
03-15 11:18:49 [warn] 二维码已保存到 D:\软件\NapCat.Shell.Windows.Node\napcat\cache\qrcode.png
03-15 11:18:54 [warn] 请扫描下面的二维码，然后在手Q上授权登录：
03-15 11:18:54 [warn] 

▄▄▄▄▄▄▄▄▄▄▄▄▄▄▄▄▄▄▄▄▄▄▄▄▄▄▄▄▄▄▄▄▄▄▄
█ ▄▄▄▄▄ █▄▄███▀▄█▀▀▀▄▀▀█▀██ ▄▄▄▄▄ █
█ █   █ █ ▀█ ▄ █▀ ▀▀ ▀▀▀█▄█ █   █ █
█ █▄▄▄█ █▄ ▄▄▀▀█▄█▄ ▀█  ███ █▄▄▄█ █
█▄▄▄▄▄▄▄█▄▀▄▀▄█ █ ▀▄█▄█▄▀▄█▄▄▄▄▄▄▄█
█▄   ██▄▀ ▀████▀▄██ ▀▀ ▀▄▄▄▀█▄▄ ▀ █
█▄▀▀ ▀▄▄█▄██▀▀▀▄▀██▄█▀██▄ █ ▀▄█▄ ▄█
█▄▄▄ ██▄ ▄▄▀ █▄█ ▀  ▀▄█ ██▄█▄▄ ▀▀██
███▀▀▄ ▄▄ ███ ▄██ ▄▀ █▀ ▀▀▀  ▄█ ███
█ █▄▀ ▄▄ ███▄▀  ▀▀▀▄█ ▄▄█       ▄ █
█▄▀██▄▀▄██▄ ▄ █▀ ▀ ██▀█▀▀▀  ██ █▄▀█
█   ▄▀ ▄▄▄▀▀▄ █▀███ ▀▄ █  ▄▀▄█▀▄▀▀█
██▀▀███▄▀███▄▄▀ █▄████▄  ▄▄▀▀▄▀▄ ▄█
█▄██▄█▄▄▄  ▄▀ ▄█ ▄▄▄▀▄▀▄  ▄▄▄ ▄██▄█
█ ▄▄▄▄▄ ██▄▀ ██▄▀▀▄▀▄█▀▄  █▄█ ▀▀███
█ █   █ █▀ ▄██   ▀  █▀█▄  ▄▄▄▄█  ▄█
█ █▄▄▄█ █ ▀ ▀ █▀▄█▀ ▀▄█▀▄▀▄ ▄▀█▄▄▀█
█▄▄▄▄▄▄▄█▄███▄██▄▄▄▄██████▄███▄▄███

二维码解码URL: https://txz.qq.com/p?k=Z5X4KZqqsfhSOps8bwlX44F2nB*Yh-56&f=1600001604
如果控制台二维码无法扫码，可以复制解码url到二维码生成网站生成二维码再扫码，也可以打开下方的二维码路径图片进行扫码。
03-15 11:18:54 [warn] 二维码已保存到 D:\软件\NapCat.Shell.Windows.Node\napcat\cache\qrcode.png
03-15 11:20:56 [error] [Core] [Login] Login Error,ErrType:  1  ErrCode: 3
03-15 11:20:56 [warn] 请扫描下面的二维码，然后在手Q上授权登录：
03-15 11:20:56 [warn] 

▄▄▄▄▄▄▄▄▄▄▄▄▄▄▄▄▄▄▄▄▄▄▄▄▄▄▄▄▄▄▄▄▄▄▄
█ ▄▄▄▄▄ █▀ █▀▀▀ ▀▀  █▄▄█▄██ ▄▄▄▄▄ █
█ █   █ █▀ ▄ █▀█ ▀██▀▄  ▄▄█ █   █ █
█ █▄▄▄█ █▀█ █▄█▄▀▀ ▄▄▄▀▀▄██ █▄▄▄█ █
█▄▄▄▄▄▄▄█▄█▄█ █▄▀ █ █▄▀▄█ █▄▄▄▄▄▄▄█
█ ▄▄  █▄▄▄ ▄█▄▄▀█▄▀▀▄▀▄ █▄▄▀▄█▄▀ ▀█
█▀▄ ▄▀ ▄ ▀ ▀ ▄██▄▀▄██  ██▀▀▀▄ ▄▀▄██
█▄▀  ▄ ▄▀█▄▀▄▀▄▀▄▀██▀▄▀▄▀█▄▀ ▄▄█▀▀█
█▄▀▀█▄ ▄▄ ███▀██▄▀▄▄█   ▀█  ▀██▀▄██
██ ▀  ▀▄▀██▀█▄▄▀▄█ ▀▀▀▄▄▀▀▄▀█▄▀█ ▀█
█  ▄▄ ▀▄ ▄█  ▄██▄ █▀█▄  ██ ▄▀█▄▀▄██
█▀▄ ▀█▀▄▄▀▄▀▄▀▄▀▄▀▀▀▀▄   ▀█▀█▄▀█ ▀█
█ █▄██ ▄▀▀███▀█▀▄▄█▀▀▄ █▀▀  ▄  ▀▄██
█▄██▄█▄▄█  ▀█▄▄▀▄ ▄▄█▀▄▄▄ ▄▄▄  ▀█ █
█ ▄▄▄▄▄ █▄ ▀ ▄▄▄ ▄▄▄█▄ █  █▄█ ▀ ▄██
█ █   █ █ ██▄ ▄▀█  ██▀ ▄▀▄ ▄  ▄█▄██
█ █▄▄▄█ █ █▀█▄██▄██ ██▀█ █▄▄ ▀▀ ▄██
█▄▄▄▄▄▄▄█▄████▄███▄▄▄▄▄▄█▄██▄▄▄█▄██

二维码解码URL: https://txz.qq.com/p?k=7qAscLXeMPHBXAC1e5HlKNOSlL3x*ysg&f=1600001604
如果控制台二维码无法扫码，可以复制解码url到二维码生成网站生成二维码再扫码，也可以打开下方的二维码路径图片进行扫码。
03-15 11:20:56 [warn] 二维码已保存到 D:\软件\NapCat.Shell.Windows.Node\napcat\cache\qrcode.png
03-15 11:21:33 [warn] 请扫描下面的二维码，然后在手Q上授权登录：
03-15 11:21:33 [warn] 

▄▄▄▄▄▄▄▄▄▄▄▄▄▄▄▄▄▄▄▄▄▄▄▄▄▄▄▄▄▄▄▄▄▄▄
█ ▄▄▄▄▄ █▄▄▄ ▀▄██ █  ▀█▄▄██ ▄▄▄▄▄ █
█ █   █ ██▄▀ █ ▀▄▄▀▄  ▄▄▄ █ █   █ █
█ █▄▄▄█ ██▀▄ ▄████  ▄▀ ▄ ▀█ █▄▄▄█ █
█▄▄▄▄▄▄▄█ ▀▄█ ▀ █ █▄▀ █ ▀ █▄▄▄▄▄▄▄█
█▄ ▀ ▄█▄▀█▄▀█▄██▀▀ ▀▀ ▄█▀▄█▄▀▀█▀▀▄█
█▀▀█ ▄▄▄ ▀▄██▄█▄ █ ██ ▄▄▄ ▀  ▄▀▀▄▄█
█▀▀ ▀▀▀▄▀▀▄ █▀▀▄   █▀▄▀ ▀ ▀▄▄███▄▄█
██▀ ▀ █▄▄▄ ▀█▀▄▀ ▄▄  ▀▄ █▄▀▄█ █▀█▀█
█▄ ▀  ▄▄▄▄ █ ▄▄  ▀▀██▀▀ ▄▀▄ ▀ ▄█  █
█  ▀ ▀▀▄▄▀██▀▄   ▀▄█  ▄▀▄██▀█▄█▀▀ █
█ ▀ ▄▀▀▄█ █ ▄▀██ █▄▄ ▄▄█ ▀▄█▀▀▀█▀██
█ █▄▄█ ▄▀ ▀█ ▀█ ▄▄▀▄▀ ▄ ▄▀ ▀ ▄█▀▄▄█
█▄▄▄█▄█▄█▀ ▄▄▄▀▄▀ █▀ ██ █ ▄▄▄ ▀▀ ██
█ ▄▄▄▄▄ ███▀ ▄█ ▄ ██▄ ▄▄  █▄█ ▀ █▀█
█ █   █ █ ▀▀▀ ▄ ▄▄ █▄ ▄▄▄▄ ▄▄▄▀█▄▄█
█ █▄▄▄█ █▀  ▄▄   ▀▄▀ ▄█ ▀█▀▀▄   ▀ █
█▄▄▄▄▄▄▄█▄▄██████▄▄█▄████▄▄█▄█▄████

二维码解码URL: https://txz.qq.com/p?k=4*bCHWU8mT1SdIVpRL9lHamZu3eToPmw&f=1600001604
如果控制台二维码无法扫码，可以复制解码url到二维码生成网站生成二维码再扫码，也可以打开下方的二维码路径图片进行扫码。
03-15 11:21:33 [warn] 二维码已保存到 D:\软件\NapCat.Shell.Windows.Node\napcat\cache\qrcode.png
03-15 11:22:07 [debug] 本账号数据/缓存目录： C:\Users\ltjzl\Documents\Tencent Files\NapCat\data
03-15 11:22:07 [debug] [Core] [Config] 配置文件D:\软件\NapCat.Shell.Windows.Node\napcat\config\napcat_1622350454.json加载 {"fileLog":false,"consoleLog":true,"fileLogLevel":"debug","consoleLogLevel":"info","packetBackend":"auto","packetServer":"","o3HookMode":1}
03-15 11:22:07 [error] [Core] [Packet] PacketBackend 不支持当前QQ版本架构：9.9.28-46345-x64，
            请参照 https://github.com/NapNeko/NapCatQQ/releases/tag/v4.17.25 配置正确的QQ版本！
