03-13 18:38:55 [info] [QQ版本兼容性检测] 当前版本Appid未内置 通过Major获取 为了更好的性能请尝试更新NapCat
03-13 18:38:55 [info] [PacketHandler] 加载成功
03-13 18:38:55 [info] [Napi2NativeLoader] 加载成功
03-13 18:38:55 [info] [FFmpeg] 检查 Native Addon 可用性...
03-13 18:38:55 [info] [FFmpeg] ✓ 使用 Native Addon 适配器
03-13 18:38:55 [warn] NativePacketClient: 未找到对应版本的偏移数据: 9.9.28-46345-x64
03-13 18:38:55 [info] [NapCat] [Core] NapCat.Core Version: 4.17.25
03-13 18:38:55 [warn] File already deleted: D:\软件\NapCat.Shell.Windows.Node\napcat\logs\2026-03-06_08-40-08.746.log
03-13 18:38:55 [warn] File already deleted: D:\软件\NapCat.Shell.Windows.Node\napcat\logs\2026-03-06_08-40-08.743.log
03-13 18:38:55 [info] [NapCat] [WebUi] WebUi Token: 277f75fabb7b
03-13 18:38:55 [info] [NapCat] [WebUi] WebUi User Panel Url: http://127.0.0.1:6100/webui?token=277f75fabb7b
03-13 18:38:55 [info] [NapCat] [WebUi] WebUi User Panel Url: http://[::]:6100/webui?token=277f75fabb7b
03-13 18:38:56 [info] 等待网络连接...
03-13 18:38:56 [info] 网络已连接
03-13 18:38:56 [info] 没有 -q 指令指定快速登录，将使用二维码登录方式
03-13 18:38:56 [info] 可用于快速登录的 QQ：
1. 2528598753 古希腊掌管图鉴的神
2. 2791034087 幻想家转生成格兰大帝
3. 1476811518 豆包
4. 1622350454 江璃
5. 1570245877 ROCO小维
6. 1666863327 狂风落叶舞
03-13 18:38:56 [warn] 请扫描下面的二维码，然后在手Q上授权登录：
03-13 18:38:56 [warn] 

▄▄▄▄▄▄▄▄▄▄▄▄▄▄▄▄▄▄▄▄▄▄▄▄▄▄▄▄▄▄▄▄▄▄▄
█ ▄▄▄▄▄ █▄▄▄ ▀▄██ ▄█▀ █████ ▄▄▄▄▄ █
█ █   █ ██▄▀ █ ▀▄▄▀ █▄ █  █ █   █ █
█ █▄▄▄█ ██▀▄ ▄████▄██▀▀█▀▀█ █▄▄▄█ █
█▄▄▄▄▄▄▄█ ▀▄█ ▀ █ █▄▀ █▄▀ █▄▄▄▄▄▄▄█
█▄▄█  ▀▄██▄▀█▄██▀▀▄▀▀▄▀▀█▄█▄▀▀█▀▀▄█
█▄▀▀███▄▀▀▄██▄█▄ █ ▄▀ ▄ ▄▄▀  ▄▀▀▄▄█
█▀ ▀▄█▀▄ ▄▄ █▀▀▄  █▀▄▀█ ▄█▀▄▄███▄▄█
█▄█ ██ ▄▀ ▄▀█▀▄▀ ▄█▀ ███▀ ▀▄█ █▀█▀█
██▀▀▄▀█▄▀ ▀  ▄▄  ▀▄▀▀ ▄▄▀▄▄ ▀ ▄█  █
█▄▀▄█▄ ▄▄█ ▄▀▄  ▄▀██▄██▀▄██▀█▄█▀▀ █
█ █▄█▀ ▄▄▄ ▀▄▀██▄█▄▄ █▀▀ ▀▄█▀▀▀█▀██
█ █▄▀  ▄▄███ ▀█ ▄ ▀████ ▄▀ ▀ ▄█▀▄▄█
█▄▄█▄█▄▄█ ▀▄▄▄▀▄█▀▄███▀ █ ▄▄▄ ▀▀ ██
█ ▄▄▄▄▄ ██▀  ▄█ ▄██ ▄█▄▄  █▄█ ▀ █▀█
█ █   █ █ ▄▀▀ ▄  █▀▄▀   ▄▄ ▄▄▄▀█▄▄█
█ █▄▄▄█ █▀▄█▄▄  ▄▀▄█ ▄██▀█▀▀▄   ▀ █
█▄▄▄▄▄▄▄█▄▄▄████▄▄▄█▄█▄██▄▄█▄█▄████

二维码解码URL: https://txz.qq.com/p?k=JVBkynl7Wn9NDdygf6yV47adO7P5eeYU&f=1600001604
如果控制台二维码无法扫码，可以复制解码url到二维码生成网站生成二维码再扫码，也可以打开下方的二维码路径图片进行扫码。
03-13 18:38:56 [warn] 二维码已保存到 D:\软件\NapCat.Shell.Windows.Node\napcat\cache\qrcode.png
03-13 18:39:04 [error] 当前账号(2528598753)已登录,无法重复登录
03-13 18:39:04 [error] 当前账号(2528598753)已登录,无法重复登录
